make all --print-data-base --no-builtin-variables --no-builtin-rules --question
# GNU Make 4.3
# Built for x86_64-pc-linux-gnu
# Copyright (C) 1988-2020 Free Software Foundation, Inc.
# License GPLv3+: GNU GPL version 3 or later <http://gnu.org/licenses/gpl.html>
# This is free software: you are free to change and redistribute it.
# There is NO WARRANTY, to the extent permitted by law.

# Make data base, printed on Fri Oct 28 11:27:11 2022

# Variables

# environment
BEAM01_IP = 192.168.1.23
# environment
GO111MODULE = on
# environment
GDK_BACKEND = x11
# environment
LC_ALL = C
# environment
GNOME_SHELL_SESSION_MODE = ubuntu
# environment
SSH_AGENT_LAUNCHER = gnome-keyring
# environment
SNAP_INSTANCE_KEY = 
# environment
BEAM_CONTEXT = beam-k3s
# environment
GJS_DEBUG_OUTPUT = stderr
# environment
MANDATORY_PATH = /usr/share/gconf/ubuntu.mandatory.path
# environment
PKG_PWD = K!llB!ll2
# environment
LC_NAME = en_US.UTF-8
# environment
LC_NUMERIC = en_US.UTF-8
# environment
VSCODE_CWD = /home/rl
# environment
WINDOWPATH = 2
# environment
NVM_DIR = /home/rl/.nvm
# environment
LC_ADDRESS = en_US.UTF-8
# default
MAKE_COMMAND := make
# environment
GONOSUMDB = 
# environment
QT_ACCESSIBILITY = 1
# environment
GOPATH = /home/rl/.go
# automatic
@D = $(patsubst %/,%,$(dir $@))
# environment
OPENSEA_API_KEY = a90252195amsh7385cc8c5a70e4fp1e5a18jsn4b80044d5e0c
# environment
SNAP_INSTANCE_NAME = code
# environment
GDK_PIXBUF_MODULEDIR = /snap/code/111/usr/lib/x86_64-linux-gnu/gdk-pixbuf-2.0/2.10.0/loaders
# environment
VSCODE_HANDLES_UNCAUGHT_ERRORS = true
# default
.VARIABLES := 
# environment
PWD = /home/rl/work/github.com/rgfaber/dev-toolkit
# automatic
%D = $(patsubst %/,%,$(dir $%))
# environment
LSCOLORS = Gxfxcxdxbxegedabagacad
# environment
XDG_DATA_DIRS = /usr/share/ubuntu:/usr/share/gnome:/usr/local/share/:/usr/share/:/var/lib/snapd/desktop
# environment
DOCKERHUB_PWD = Th3Under74k3r
# environment
OLDPWD = /home/rl
# environment
BEAM00_IP = 192.168.1.25
# automatic
^D = $(patsubst %/,%,$(dir $^))
# environment
ARGOCD_SERVER = ingress.local
# automatic
%F = $(notdir $%)
# environment
NVM_INC = /home/rl/.nvm/versions/node/v16.9.1/include/node
# environment
VSCODE_CODE_CACHE_PATH = /home/rl/.config/Code/CachedData/d045a5eda657f4d7b676dedbfa7aab8207f8a075
# environment
LANG = C
# environment
XAUTHORITY = /run/user/1000/gdm/Xauthority
# default
.LOADED := 
# default
.INCLUDE_DIRS = /usr/local/include /usr/include /usr/include
# makefile
MAKEFLAGS = pqrR
# environment
GITLAB_TOKEN = ywPxseMrmqQMAo2pP9no
# makefile
CURDIR := /home/rl/work/github.com/rgfaber/dev-toolkit
# environment
QUAYIO_USER = beamologist
# environment
APPLICATION_INSIGHTS_NO_DIAGNOSTIC_CHANNEL = 1
# automatic
*D = $(patsubst %/,%,$(dir $*))
# environment
ROBBY_CID_USR = robby-cid
# environment
MFLAGS = -pqrR
# environment
SSH_AUTH_SOCK = /run/user/1000/keyring/ssh
# default
.SHELLFLAGS := -c
# environment
NVM_BIN = /home/rl/.nvm/versions/node/v16.9.1/bin
# environment
GITHUB_USER = rgfaber
# environment
XDG_CONFIG_DIRS = /etc/xdg/xdg-ubuntu:/etc/xdg
# automatic
+D = $(patsubst %/,%,$(dir $+))
# environment
XDG_SESSION_DESKTOP = ubuntu
# environment
BEAM03_IP = 192.168.1.26
# makefile
MAKEFILE_LIST := 
# environment
SNAP_REEXEC = 
# automatic
@F = $(notdir $@)
# environment
ZSH = /home/rl/.oh-my-zsh
# environment
VSCODE_PID = 270904
# environment
XDG_SESSION_TYPE = x11
# automatic
?D = $(patsubst %/,%,$(dir $?))
# environment
LOGATRON_CID_PWD_64 = TDBnNHRyb240VGgzVyFuCg==
# environment
BAMF_DESKTOP_FILE_HINT = /var/lib/snapd/desktop/applications/code_code.desktop
# environment
DOCKERHUB_USER = maculacid
# environment
PKG_USR = rl
# environment
BEAM02_IP = 192.168.1.27
# environment
SESSION_MANAGER = local/host00:@/tmp/.ICE-unix/3741,unix/host00:/tmp/.ICE-unix/3741
# automatic
*F = $(notdir $*)
# environment
ARGOCD_ADMIN_USER = admin
# environment
GITHUB_PWD = W3L0v3B33r!
# environment
CHROME_DESKTOP = code-url-handler.desktop
# environment
DBUS_SESSION_BUS_ADDRESS = unix:path=/run/user/1000/bus
# automatic
<D = $(patsubst %/,%,$(dir $<))
# environment
VSCODE_NLS_CONFIG = {"locale":"en-us","availableLanguages":{},"_languagePackSupport":true}
# environment
LOGATRON_CID_EMAIL = macula@discomco.pl
# default
MAKE_HOST := x86_64-pc-linux-gnu
# environment
TH_SENSOR_ID = fc6e30ed-2194-42b8-9d80-1ac8718e9655
# environment
GNOME_DESKTOP_SESSION_ID = this-is-deprecated
# makefile
SHELL = /bin/sh
# default
MAKECMDGOALS := all
# environment
XMODIFIERS = @im=ibus
# environment
DOTNET_BUNDLE_EXTRACT_BASE_DIR = /home/rl/.cache/dotnet_bundle_extract
# environment
GITHUB_TOKEN = W3L0v3B33r!
# environment
GJS_DEBUG_TOPICS = JS ERROR;JS LOG
# environment
SHLVL = 0
# environment
MAKELEVEL := 0
# default
MAKE = $(MAKE_COMMAND)
# environment
SNAP_COOKIE = aTDapV9XXrelz7UsVjqSRzc3_7lNRoUz00_uSPjLjtonCAUFlivD
# environment
PATH = /home/rl/.asdf/shims:/home/rl/.asdf/bin:/home/rl/google-cloud-sdk/bin:/home/rl/.nvm/versions/node/v16.9.1/bin:/usr/local/sbin:/usr/local/bin:/usr/sbin:/usr/bin:/sbin:/bin:/usr/games:/usr/local/games:/snap/bin:/home/rl/.dotnet:/usr/local/go/bin:/home/rl/.local/share/JetBrains/Toolbox/scripts:/home/rl/.dotnet:/home/rl/.go/bin:/usr/local/go/bin:/home/rl/.dotnet:/home/rl/.asdf
# default
MAKEFILES := 
# environment
BEAM_USER = rl
# environment
LC_MONETARY = en_US.UTF-8
# automatic
^F = $(notdir $^)
# environment
SNAP_USER_COMMON = /home/rl/snap/code/common
# environment
LC_TIME = en_US.UTF-8
# environment
SNAP = /snap/code/111
# environment
DOCKERHUB_REGISTRY = https://index.docker.io/v1
# environment
DOCKERHUB_EMAIL = macula@discomco.pl
# environment
INVOCATION_ID = 231fb31239d84d60b084961fac665e7d
# environment
QUAYIO_PWD_ENC = qUnWzUzyH7bkSQXRNNY0cWxskHDw7bbwDvOrpRoBdGDC/r1MdQMW5uNWT3v59rT3
# environment
SNAP_REVISION = 111
# environment
SNAP_REAL_HOME = /home/rl
# environment
USERNAME = rl
# environment
ROBBY_CID_PWD = Ybbor3TD1lc
# environment
LC_TELEPHONE = en_US.UTF-8
# environment
DTOS_NUGETS_NAME = SAAB Nugets
# automatic
?F = $(notdir $?)
# environment
DTOS_CID_PWD = saabDev77
# environment
XDG_CURRENT_DESKTOP = Unity
# environment
LOGATRON_CID_PWD = L0g4tron4Th3W!n
# environment
NORDVPN_USER = rafael.lefever@gmail.com
# environment
LS_COLORS = 
# automatic
+F = $(notdir $+)
# environment
LESS = -R
# environment
DESKTOP_SESSION = ubuntu
# environment
ORIGINAL_XDG_CURRENT_DESKTOP = ubuntu:GNOME
# 'override' directive
GNUMAKEFLAGS := 
# environment
LOGNAME = rl
# environment
GIO_LAUNCHED_DESKTOP_FILE = /var/lib/snapd/desktop/applications/code_code.desktop
# environment
SNAP_ARCH = amd64
# environment
ASDF_DIR = /home/rl/.asdf
# makefile
.DEFAULT_GOAL := 
# environment
SYSTEMD_EXEC_PID = 3807
# environment
DISPLAY = :1
# environment
USER = rl
# environment
GTK_MODULES = gail:atk-bridge
# environment
DEFAULTS_PATH = /usr/share/gconf/ubuntu.default.path
# default
MAKE_VERSION := 4.3
# environment
SNAP_DATA = /var/snap/code/111
# environment
SNAP_CONTEXT = aTDapV9XXrelz7UsVjqSRzc3_7lNRoUz00_uSPjLjtonCAUFlivD
# environment
MANAGERPID = 2949
# environment
NORDVPN_PWD = K!llB!ll201
# environment
LC_MEASUREMENT = en_US.UTF-8
# environment
GIO_LAUNCHED_DESKTOP_FILE_PID = 270835
# environment
ARGOCD_ADMIN_PWD = K1llB1ll2
# environment
PAGER = less
# environment
_ = /snap/code/111/usr/share/code/code
# environment
LC_PAPER = en_US.UTF-8
# environment
XDG_RUNTIME_DIR = /run/user/1000
# environment
GPG_AGENT_INFO = /run/user/1000/gnupg/S.gpg-agent:0:1
# environment
GDK_PIXBUF_MODULE_FILE = /home/rl/snap/code/common/.cache/gdk-pixbuf-loaders.cache
# environment
DTOS_NUGETS_URL = https://nexus.phaeros.com/repository/NugetRepo
# environment
GOOGLE_APPLICATION_CREDENTIALS = /home/rl/Dropbox/DisComCo/integral-cat-334016-d582628f1fb8.json
# environment
 
make: *** No rule to make target 'all'.  Stop.

AERO_DATA_BOX_API_KEY = 1e00ebe905msh7b4abc1fec16966p1df5ffjsnb879a8c2a080
# environment
JOURNAL_STREAM = 8:65586
# environment
NVM_CD_FLAGS = -q
# environment
XDG_SESSION_CLASS = user
# environment
VSCODE_AMD_ENTRYPOINT = vs/workbench/api/node/extensionHostProcess
# environment
HOME = /home/rl
# environment
QT_IM_MODULE = ibus
# environment
ELECTRON_RUN_AS_NODE = 1
# environment
VSCODE_IPC_HOOK = /run/user/1000/vscode-f052ce98-1.72.2-main.sock
# environment
SNAP_NAME = code
# environment
GSETTINGS_SCHEMA_DIR = /snap/code/111/usr/share/glib-2.0/schemas
# environment
HOST00_IP = 192.168.1.107
# environment
GITLAB_USER = logatron-cid
# environment
IM_CONFIG_PHASE = 1
# environment
PAPERSIZE = letter
# environment
CR_PAT = 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
# environment
GOPROXY = 
# default
.RECIPEPREFIX := 
# automatic
<F = $(notdir $<)
# environment
SNAP_VERSION = d045a5ed
# default
SUFFIXES := 
# environment
DTOS_CID_USER = dev
# environment
VSCODE_CLI = 1
# environment
ELECTRON_NO_ATTACH_CONSOLE = 1
# environment
SNAP_COMMON = /var/snap/code/common
# environment
MAKULA_NUGET_ORG_KEY = oy2ki5icw4q2s67yfc2qu3vlgjp7ghje5dxg6qhbigrmpy
# environment
LOGATRON_CID_USER = logatron-cid
# default
.FEATURES := target-specific order-only second-expansion else-if shortest-stem undefine oneshell nocomment grouped-target extra-prereqs archives jobserver output-sync check-symlink load
# environment
SNAP_USER_DATA = /home/rl/snap/code/111
# environment
QUAYIO_PWD = K!llB!ll2206
# environment
XDG_MENU_PREFIX = gnome-
# environment
DOTNET_ROOT = /home/rl/.dotnet
# environment
GDMSESSION = ubuntu
# environment
LC_IDENTIFICATION = en_US.UTF-8
# environment
SNAP_LIBRARY_PATH = /var/lib/snapd/lib/gl:/var/lib/snapd/lib/gl32:/var/lib/snapd/void
# variable set hash-table stats:
# Load=183/1024=18%, Rehash=0, Collisions=14/210=7%

# Pattern-specific Variable Values

# No pattern-specific variable values.

# Directories

# . (device 2050, inode 52036617): 40 files, no impossibilities.

# 40 files, no impossibilities in 1 directories.

# Implicit Rules

# No implicit rules.

# Files

# Not a target:
Makefile:
#  Implicit rule search has been done.
#  File does not exist.
#  File has been updated.
#  Failed to be updated.

# Not a target:
.DEFAULT:
#  Implicit rule search has not been done.
#  Modification time never checked.
#  File has not been updated.

# Not a target:
all:
#  Command line target.
#  Implicit rule search has been done.
#  File does not exist.
#  File has not been updated.

# Not a target:
makefile:
#  Implicit rule search has been done.
#  File does not exist.
#  File has been updated.
#  Failed to be updated.

# Not a target:
GNUmakefile:
#  Implicit rule search has been done.
#  File does not exist.
#  File has been updated.
#  Failed to be updated.

# files hash-table stats:
# Load=6/1024=1%, Rehash=0, Collisions=0/15=0%
# VPATH Search Paths

# No 'vpath' search paths.

# No general ('VPATH' variable) search path.

# strcache buffers: 1 (0) / strings = 48 / storage = 570 B / avg = 11 B
# current buf: size = 8162 B / used = 570 B / count = 48 / avg = 11 B

# strcache performance: lookups = 51 / hit rate = 5%
# hash-table stats:
# Load=48/8192=1%, Rehash=0, Collisions=0/51=0%
# Finished Make data base on Fri Oct 28 11:27:11 2022

 
