This file contains any messages produced by compilers while
running configure, to aid debugging if configure makes a mistake.

It was created by HP Linux Imaging and Printing configure 3.21.12, which was
generated by GNU Autoconf 2.68.  Invocation command line was

  $ ./configure --with-hpppddir=/usr/share/ppd/HP --libdir=/usr/lib --prefix=/usr --enable-network-build --enable-scan-build --enable-fax-build --enable-dbus-build --disable-qt4 --enable-qt5 --disable-class-driver --enable-doc-build --disable-policykit --disable-libusb01_build --disable-udev_sysfs_rules --enable-hpcups-install --disable-hpijs-install --disable-foomatic-ppd-install --disable-foomatic-drv-install --disable-cups-ppd-install --enable-cups-drv-install --enable-apparmor_build

## --------- ##
## Platform. ##
## --------- ##

hostname = host00
uname -m = x86_64
uname -r = 5.11.0-46-generic
uname -s = Linux
uname -v = #51~20.04.1-Ubuntu SMP Fri Jan 7 06:51:40 UTC 2022

/usr/bin/uname -p = x86_64
/bin/uname -X     = unknown

/bin/arch              = x86_64
/usr/bin/arch -k       = unknown
/usr/convex/getsysinfo = unknown
/usr/bin/hostinfo      = unknown
/bin/machine           = unknown
/usr/bin/oslevel       = unknown
/bin/universe          = unknown

PATH: /home/rl/google-cloud-sdk/bin
PATH: /home/rl/google-cloud-sdk/bin
PATH: /home/rl/.nvm/versions/node/v16.9.1/bin
PATH: /usr/local/sbin
PATH: /usr/local/bin
PATH: /usr/sbin
PATH: /usr/bin
PATH: /sbin
PATH: /bin
PATH: /usr/games
PATH: /usr/local/games
PATH: /snap/bin
PATH: /home/rl/.dotnet
PATH: /usr/local/go/bin
PATH: /home/rl/.dotnet
PATH: /usr/local/go/bin
PATH: /home/rl/.dotnet
PATH: /usr/local/go/bin


## ----------- ##
## Core tests. ##
## ----------- ##

configure:2670: checking for a BSD-compatible install
configure:2738: result: /usr/bin/install -c
configure:2749: checking whether build environment is sane
configure:2799: result: yes
configure:2940: checking for a thread-safe mkdir -p
configure:2979: result: /usr/bin/mkdir -p
configure:2992: checking for gawk
configure:3022: result: no
configure:2992: checking for mawk
configure:3008: found /usr/bin/mawk
configure:3019: result: mawk
configure:3030: checking whether make sets $(MAKE)
configure:3052: result: yes
configure:3223: checking for g++
configure:3239: found /usr/bin/g++
configure:3250: result: g++
configure:3277: checking for C++ compiler version
configure:3286: g++ --version >&5
g++ (Ubuntu 9.3.0-17ubuntu1~20.04) 9.3.0
Copyright (C) 2019 Free Software Foundation, Inc.
This is free software; see the source for copying conditions.  There is NO
warranty; not even for MERCHANTABILITY or FITNESS FOR A PARTICULAR PURPOSE.

configure:3297: $? = 0
configure:3286: g++ -v >&5
Using built-in specs.
COLLECT_GCC=g++
COLLECT_LTO_WRAPPER=/usr/lib/gcc/x86_64-linux-gnu/9/lto-wrapper
OFFLOAD_TARGET_NAMES=nvptx-none:hsa
OFFLOAD_TARGET_DEFAULT=1
Target: x86_64-linux-gnu
Configured with: ../src/configure -v --with-pkgversion='Ubuntu 9.3.0-17ubuntu1~20.04' --with-bugurl=file:///usr/share/doc/gcc-9/README.Bugs --enable-languages=c,ada,c++,go,brig,d,fortran,objc,obj-c++,gm2 --prefix=/usr --with-gcc-major-version-only --program-suffix=-9 --program-prefix=x86_64-linux-gnu- --enable-shared --enable-linker-build-id --libexecdir=/usr/lib --without-included-gettext --enable-threads=posix --libdir=/usr/lib --enable-nls --enable-clocale=gnu --enable-libstdcxx-debug --enable-libstdcxx-time=yes --with-default-libstdcxx-abi=new --enable-gnu-unique-object --disable-vtable-verify --enable-plugin --enable-default-pie --with-system-zlib --with-target-system-zlib=auto --enable-objc-gc=auto --enable-multiarch --disable-werror --with-arch-32=i686 --with-abi=m64 --with-multilib-list=m32,m64,mx32 --enable-multilib --with-tune=generic --enable-offload-targets=nvptx-none=/build/gcc-9-HskZEa/gcc-9-9.3.0/debian/tmp-nvptx/usr,hsa --without-cuda-driver --enable-checking=release --build=x86_64-linux-gnu --host=x86_64-linux-gnu --target=x86_64-linux-gnu
Thread model: posix
gcc version 9.3.0 (Ubuntu 9.3.0-17ubuntu1~20.04) 
configure:3297: $? = 0
configure:3286: g++ -V >&5
g++: error: unrecognized command line option '-V'
g++: fatal error: no input files
compilation terminated.
configure:3297: $? = 1
configure:3286: g++ -qversion >&5
g++: error: unrecognized command line option '-qversion'; did you mean '--version'?
g++: fatal error: no input files
compilation terminated.
configure:3297: $? = 1
configure:3317: checking whether the C++ compiler works
configure:3339: g++    conftest.cpp  >&5
configure:3343: $? = 0
configure:3391: result: yes
configure:3394: checking for C++ compiler default output file name
configure:3396: result: a.out
configure:3402: checking for suffix of executables
configure:3409: g++ -o conftest    conftest.cpp  >&5
configure:3413: $? = 0
configure:3435: result: 
configure:3457: checking whether we are cross compiling
configure:3465: g++ -o conftest    conftest.cpp  >&5
configure:3469: $? = 0
configure:3476: ./conftest
configure:3480: $? = 0
configure:3468: result: no
configure:3473: checking for suffix of object files
configure:3495: g++ -c   conftest.cpp >&5
configure:3499: $? = 0
configure:3520: result: o
configure:3524: checking whether we are using the GNU C++ compiler
configure:3543: g++ -c   conftest.cpp >&5
configure:3543: $? = 0
configure:3552: result: yes
configure:3561: checking whether g++ accepts -g
configure:3581: g++ -c -g  conftest.cpp >&5
configure:3581: $? = 0
configure:3622: result: yes
configure:3656: checking for style of include used by make
configure:3684: result: GNU
configure:3709: checking dependency style of g++
configure:3819: result: gcc3
configure:3882: checking for gcc
configure:3898: found /usr/bin/gcc
configure:3909: result: gcc
configure:4138: checking for C compiler version
configure:4147: gcc --version >&5
gcc (Ubuntu 9.3.0-17ubuntu1~20.04) 9.3.0
Copyright (C) 2019 Free Software Foundation, Inc.
This is free software; see the source for copying conditions.  There is NO
warranty; not even for MERCHANTABILITY or FITNESS FOR A PARTICULAR PURPOSE.

configure:4158: $? = 0
configure:4147: gcc -v >&5
Using built-in specs.
COLLECT_GCC=gcc
COLLECT_LTO_WRAPPER=/usr/lib/gcc/x86_64-linux-gnu/9/lto-wrapper
OFFLOAD_TARGET_NAMES=nvptx-none:hsa
OFFLOAD_TARGET_DEFAULT=1
Target: x86_64-linux-gnu
Configured with: ../src/configure -v --with-pkgversion='Ubuntu 9.3.0-17ubuntu1~20.04' --with-bugurl=file:///usr/share/doc/gcc-9/README.Bugs --enable-languages=c,ada,c++,go,brig,d,fortran,objc,obj-c++,gm2 --prefix=/usr --with-gcc-major-version-only --program-suffix=-9 --program-prefix=x86_64-linux-gnu- --enable-shared --enable-linker-build-id --libexecdir=/usr/lib --without-included-gettext --enable-threads=posix --libdir=/usr/lib --enable-nls --enable-clocale=gnu --enable-libstdcxx-debug --enable-libstdcxx-time=yes --with-default-libstdcxx-abi=new --enable-gnu-unique-object --disable-vtable-verify --enable-plugin --enable-default-pie --with-system-zlib --with-target-system-zlib=auto --enable-objc-gc=auto --enable-multiarch --disable-werror --with-arch-32=i686 --with-abi=m64 --with-multilib-list=m32,m64,mx32 --enable-multilib --with-tune=generic --enable-offload-targets=nvptx-none=/build/gcc-9-HskZEa/gcc-9-9.3.0/debian/tmp-nvptx/usr,hsa --without-cuda-driver --enable-checking=release --build=x86_64-linux-gnu --host=x86_64-linux-gnu --target=x86_64-linux-gnu
Thread model: posix
gcc version 9.3.0 (Ubuntu 9.3.0-17ubuntu1~20.04) 
configure:4158: $? = 0
configure:4147: gcc -V >&5
gcc: error: unrecognized command line option '-V'
gcc: fatal error: no input files
compilation terminated.
configure:4158: $? = 1
configure:4147: gcc -qversion >&5
gcc: error: unrecognized command line option '-qversion'; did you mean '--version'?
gcc: fatal error: no input files
compilation terminated.
configure:4158: $? = 1
configure:4162: checking whether we are using the GNU C compiler
configure:4181: gcc -c   conftest.c >&5
configure:4181: $? = 0
configure:4190: result: yes
configure:4199: checking whether gcc accepts -g
configure:4219: gcc -c -g  conftest.c >&5
configure:4219: $? = 0
configure:4260: result: yes
configure:4277: checking for gcc option to accept ISO C89
configure:4341: gcc  -c -g -O2  conftest.c >&5
configure:4341: $? = 0
configure:4354: result: none needed
configure:4376: checking dependency style of gcc
configure:4486: result: gcc3
configure:4531: checking build system type
configure:4545: result: x86_64-unknown-linux-gnu
configure:4565: checking host system type
configure:4578: result: x86_64-unknown-linux-gnu
configure:4619: checking how to print strings
configure:4646: result: printf
configure:4667: checking for a sed that does not truncate output
configure:4731: result: /usr/bin/sed
configure:4749: checking for grep that handles long lines and -e
configure:4807: result: /usr/bin/grep
configure:4812: checking for egrep
configure:4874: result: /usr/bin/grep -E
configure:4879: checking for fgrep
configure:4941: result: /usr/bin/grep -F
configure:4976: checking for ld used by gcc
configure:5043: result: /usr/bin/ld
configure:5050: checking if the linker (/usr/bin/ld) is GNU ld
configure:5065: result: yes
configure:5077: checking for BSD- or MS-compatible name lister (nm)
configure:5126: result: /usr/bin/nm -B
configure:5256: checking the name lister (/usr/bin/nm -B) interface
configure:5263: gcc -c -g -O2  conftest.c >&5
configure:5266: /usr/bin/nm -B "conftest.o"
configure:5269: output
0000000000000000 B some_variable
configure:5270: result: BSD nm
configure:5273: checking whether ln -s works
configure:5277: result: yes
configure:5285: checking the maximum length of command line arguments
configure:5410: result: 1572864
configure:5427: checking whether the shell understands some XSI constructs
configure:5436: result: yes
configure:5440: checking whether the shell understands "+="
configure:5444: result: yes
configure:5479: checking how to convert x86_64-unknown-linux-gnu file names to x86_64-unknown-linux-gnu format
configure:5519: result: func_convert_file_noop
configure:5526: checking how to convert x86_64-unknown-linux-gnu file names to toolchain format
configure:5546: result: func_convert_file_noop
configure:5553: checking for /usr/bin/ld option to reload object files
configure:5560: result: -r
configure:5634: checking for objdump
configure:5650: found /usr/bin/objdump
configure:5661: result: objdump
configure:5693: checking how to recognize dependent libraries
configure:5895: result: pass_all
configure:5980: checking for dlltool
configure:6010: result: no
configure:6040: checking how to associate runtime and link libraries
configure:6067: result: printf %s\n
configure:6128: checking for ar
configure:6144: found /usr/bin/ar
configure:6155: result: ar
configure:6192: checking for archiver @FILE support
configure:6209: gcc -c -g -O2  conftest.c >&5
configure:6209: $? = 0
configure:6212: ar cru libconftest.a @conftest.lst >&5
ar: `u' modifier ignored since `D' is the default (see `U')
configure:6215: $? = 0
configure:6220: ar cru libconftest.a @conftest.lst >&5
ar: `u' modifier ignored since `D' is the default (see `U')
ar: conftest.o: No such file or directory
configure:6223: $? = 1
configure:6222: result: @
configure:6280: checking for strip
configure:6296: found /usr/bin/strip
configure:6307: result: strip
configure:6379: checking for ranlib
configure:6395: found /usr/bin/ranlib
configure:6406: result: ranlib
configure:6508: checking command to parse /usr/bin/nm -B output from gcc object
configure:6627: gcc -c -g -O2  conftest.c >&5
configure:6630: $? = 0
configure:6634: /usr/bin/nm -B conftest.o \| sed -n -e 's/^.*[ ]\([ABCDGIRSTW][ABCDGIRSTW]*\)[ ][ ]*\([_A-Za-z][_A-Za-z0-9]*\)$/\1 \2 \2/p' | sed '/ __gnu_lto/d' \> conftest.nm
configure:6637: $? = 0
configure:6703: gcc -o conftest -g -O2   conftest.c conftstm.o >&5
configure:6706: $? = 0
configure:6744: result: ok
configure:6781: checking for sysroot
configure:6811: result: no
configure:6888: gcc -c -g -O2  conftest.c >&5
configure:6891: $? = 0
configure:7054: checking for mt
configure:7070: found /usr/bin/mt
configure:7081: result: mt
configure:7104: checking if mt is a manifest tool
configure:7110: mt '-?'
configure:7118: result: no
configure:7750: checking how to run the C preprocessor
configure:7781: gcc -E  conftest.c
configure:7781: $? = 0
configure:7795: gcc -E  conftest.c
conftest.c:11:10: fatal error: ac_nonexistent.h: No such file or directory
   11 | #include <ac_nonexistent.h>
      |          ^~~~~~~~~~~~~~~~~~
compilation terminated.
configure:7795: $? = 1
configure: failed program was:
| /* confdefs.h */
| #define PACKAGE_NAME "HP Linux Imaging and Printing"
| #define PACKAGE_TARNAME "hplip"
| #define PACKAGE_VERSION "3.21.12"
| #define PACKAGE_STRING "HP Linux Imaging and Printing 3.21.12"
| #define PACKAGE_BUGREPORT "3.21.12"
| #define PACKAGE_URL ""
| #define PACKAGE "hplip"
| #define VERSION "3.21.12"
| /* end confdefs.h.  */
| #include <ac_nonexistent.h>
configure:7820: result: gcc -E
configure:7840: gcc -E  conftest.c
configure:7840: $? = 0
configure:7854: gcc -E  conftest.c
conftest.c:11:10: fatal error: ac_nonexistent.h: No such file or directory
   11 | #include <ac_nonexistent.h>
      |          ^~~~~~~~~~~~~~~~~~
compilation terminated.
configure:7854: $? = 1
configure: failed program was:
| /* confdefs.h */
| #define PACKAGE_NAME "HP Linux Imaging and Printing"
| #define PACKAGE_TARNAME "hplip"
| #define PACKAGE_VERSION "3.21.12"
| #define PACKAGE_STRING "HP Linux Imaging and Printing 3.21.12"
| #define PACKAGE_BUGREPORT "3.21.12"
| #define PACKAGE_URL ""
| #define PACKAGE "hplip"
| #define VERSION "3.21.12"
| /* end confdefs.h.  */
| #include <ac_nonexistent.h>
configure:7883: checking for ANSI C header files
configure:7903: gcc -c -g -O2  conftest.c >&5
configure:7903: $? = 0
configure:7976: gcc -o conftest -g -O2   conftest.c  >&5
configure:7976: $? = 0
configure:7976: ./conftest
configure:7976: $? = 0
configure:7987: result: yes
configure:8000: checking for sys/types.h
configure:8000: gcc -c -g -O2  conftest.c >&5
configure:8000: $? = 0
configure:8000: result: yes
configure:8000: checking for sys/stat.h
configure:8000: gcc -c -g -O2  conftest.c >&5
configure:8000: $? = 0
configure:8000: result: yes
configure:8000: checking for stdlib.h
configure:8000: gcc -c -g -O2  conftest.c >&5
configure:8000: $? = 0
configure:8000: result: yes
configure:8000: checking for string.h
configure:8000: gcc -c -g -O2  conftest.c >&5
configure:8000: $? = 0
configure:8000: result: yes
configure:8000: checking for memory.h
configure:8000: gcc -c -g -O2  conftest.c >&5
configure:8000: $? = 0
configure:8000: result: yes
configure:8000: checking for strings.h
configure:8000: gcc -c -g -O2  conftest.c >&5
configure:8000: $? = 0
configure:8000: result: yes
configure:8000: checking for inttypes.h
configure:8000: gcc -c -g -O2  conftest.c >&5
configure:8000: $? = 0
configure:8000: result: yes
configure:8000: checking for stdint.h
configure:8000: gcc -c -g -O2  conftest.c >&5
configure:8000: $? = 0
configure:8000: result: yes
configure:8000: checking for unistd.h
configure:8000: gcc -c -g -O2  conftest.c >&5
configure:8000: $? = 0
configure:8000: result: yes
configure:8014: checking for dlfcn.h
configure:8014: gcc -c -g -O2  conftest.c >&5
configure:8014: $? = 0
configure:8014: result: yes
configure:8182: checking for objdir
configure:8197: result: .libs
configure:8464: checking if gcc supports -fno-rtti -fno-exceptions
configure:8482: gcc -c -g -O2  -fno-rtti -fno-exceptions conftest.c >&5
cc1: warning: command line option '-fno-rtti' is valid for C++/D/ObjC++ but not for C
configure:8486: $? = 0
configure:8499: result: no
configure:8809: checking for gcc option to produce PIC
configure:8816: result: -fPIC -DPIC
configure:8824: checking if gcc PIC flag -fPIC -DPIC works
configure:8842: gcc -c -g -O2  -fPIC -DPIC -DPIC conftest.c >&5
configure:8846: $? = 0
configure:8859: result: yes
configure:8888: checking if gcc static flag -static works
configure:8916: result: yes
configure:8931: checking if gcc supports -c -o file.o
configure:8952: gcc -c -g -O2  -o out/conftest2.o conftest.c >&5
configure:8956: $? = 0
configure:8978: result: yes
configure:8986: checking if gcc supports -c -o file.o
configure:9033: result: yes
configure:9066: checking whether the gcc linker (/usr/bin/ld -m elf_x86_64) supports shared libraries
configure:10228: result: yes
configure:10265: checking whether -lc should be explicitly linked in
configure:10273: gcc -c -g -O2  conftest.c >&5
configure:10276: $? = 0
configure:10291: gcc -shared  -fPIC -DPIC conftest.o  -v -Wl,-soname -Wl,conftest -o conftest 2\>\&1 \| /usr/bin/grep  -lc  \>/dev/null 2\>\&1
configure:10294: $? = 0
configure:10308: result: no
configure:10473: checking dynamic linker characteristics
configure:10988: gcc -o conftest -g -O2   -Wl,-rpath -Wl,/foo conftest.c  >&5
configure:10988: $? = 0
configure:11222: result: GNU/Linux ld.so
configure:11329: checking how to hardcode library paths into programs
configure:11354: result: immediate
configure:11894: checking whether stripping libraries is possible
configure:11899: result: yes
configure:11934: checking if libtool supports shared libraries
configure:11936: result: yes
configure:11939: checking whether to build shared libraries
configure:11960: result: yes
configure:11963: checking whether to build static libraries
configure:11967: result: no
configure:8970: checking how to run the C++ preprocessor
configure:8997: g++ -E  conftest.cpp
configure:8997: $? = 0
configure:9011: g++ -E  conftest.cpp
conftest.cpp:23:10: fatal error: ac_nonexistent.h: No such file or directory
   23 | #include <ac_nonexistent.h>
      |          ^~~~~~~~~~~~~~~~~~
compilation terminated.
configure:9011: $? = 1
configure: failed program was:
| /* confdefs.h */
| #define PACKAGE_NAME "HP Linux Imaging and Printing"
| #define PACKAGE_TARNAME "hplip"
| #define PACKAGE_VERSION "3.21.12"
| #define PACKAGE_STRING "HP Linux Imaging and Printing 3.21.12"
| #define PACKAGE_BUGREPORT "3.21.12"
| #define PACKAGE_URL ""
| #define PACKAGE "hplip"
| #define VERSION "3.21.12"
| #define STDC_HEADERS 1
| #define HAVE_SYS_TYPES_H 1
| #define HAVE_SYS_STAT_H 1
| #define HAVE_STDLIB_H 1
| #define HAVE_STRING_H 1
| #define HAVE_MEMORY_H 1
| #define HAVE_STRINGS_H 1
| #define HAVE_INTTYPES_H 1
| #define HAVE_STDINT_H 1
| #define HAVE_UNISTD_H 1
| #define HAVE_DLFCN_H 1
| #define LT_OBJDIR ".libs/"
| /* end confdefs.h.  */
| #include <ac_nonexistent.h>
configure:9036: result: g++ -E
configure:9056: g++ -E  conftest.cpp
configure:9056: $? = 0
configure:9070: g++ -E  conftest.cpp
conftest.cpp:23:10: fatal error: ac_nonexistent.h: No such file or directory
   23 | #include <ac_nonexistent.h>
      |          ^~~~~~~~~~~~~~~~~~
compilation terminated.
configure:9070: $? = 1
configure: failed program was:
| /* confdefs.h */
| #define PACKAGE_NAME "HP Linux Imaging and Printing"
| #define PACKAGE_TARNAME "hplip"
| #define PACKAGE_VERSION "3.21.12"
| #define PACKAGE_STRING "HP Linux Imaging and Printing 3.21.12"
| #define PACKAGE_BUGREPORT "3.21.12"
| #define PACKAGE_URL ""
| #define PACKAGE "hplip"
| #define VERSION "3.21.12"
| #define STDC_HEADERS 1
| #define HAVE_SYS_TYPES_H 1
| #define HAVE_SYS_STAT_H 1
| #define HAVE_STDLIB_H 1
| #define HAVE_STRING_H 1
| #define HAVE_MEMORY_H 1
| #define HAVE_STRINGS_H 1
| #define HAVE_INTTYPES_H 1
| #define HAVE_STDINT_H 1
| #define HAVE_UNISTD_H 1
| #define HAVE_DLFCN_H 1
| #define LT_OBJDIR ".libs/"
| /* end confdefs.h.  */
| #include <ac_nonexistent.h>
configure:9240: checking for ld used by g++
configure:9307: result: /usr/bin/ld -m elf_x86_64
configure:9314: checking if the linker (/usr/bin/ld -m elf_x86_64) is GNU ld
configure:9329: result: yes
configure:9384: checking whether the g++ linker (/usr/bin/ld -m elf_x86_64) supports shared libraries
configure:10388: result: yes
configure:10423: g++ -c -g -O2  conftest.cpp >&5
configure:10426: $? = 0
configure:10946: checking for g++ option to produce PIC
configure:10953: result: -fPIC -DPIC
configure:10961: checking if g++ PIC flag -fPIC -DPIC works
configure:10979: g++ -c -g -O2  -fPIC -DPIC -DPIC conftest.cpp >&5
configure:10983: $? = 0
configure:10996: result: yes
configure:11019: checking if g++ static flag -static works
configure:11047: result: yes
configure:11059: checking if g++ supports -c -o file.o
configure:11080: g++ -c -g -O2  -o out/conftest2.o conftest.cpp >&5
configure:11084: $? = 0
configure:11106: result: yes
configure:11111: checking if g++ supports -c -o file.o
configure:11158: result: yes
configure:11188: checking whether the g++ linker (/usr/bin/ld -m elf_x86_64) supports shared libraries
configure:11225: result: yes
configure:11368: checking dynamic linker characteristics
configure:12051: result: GNU/Linux ld.so
configure:12104: checking how to hardcode library paths into programs
configure:12129: result: immediate
configure:11111: checking for pthread_create in -lpthread
configure:11136: gcc -o conftest -g -O2   conftest.c -lpthread   >&5
configure:11136: $? = 0
configure:11145: result: yes
configure:11153: checking for pow in -lm
configure:11178: gcc -o conftest -g -O2   conftest.c -lm   >&5
conftest.c:30:6: warning: conflicting types for built-in function 'pow'; expected 'double(double,  double)' [-Wbuiltin-declaration-mismatch]
   30 | char pow ();
      |      ^~~
conftest.c:1:1: note: 'pow' is declared in header '<math.h>'
    1 | /* confdefs.h */
configure:11178: $? = 0
configure:11187: result: yes
configure:11195: checking for jpeg_set_defaults in -ljpeg
configure:11220: gcc -o conftest -g -O2   conftest.c -ljpeg   >&5
configure:11220: $? = 0
configure:11229: result: yes
configure:11237: checking for dlopen in -ldl
configure:11262: gcc -o conftest -g -O2   conftest.c -ldl   >&5
configure:11262: $? = 0
configure:11271: result: yes
configure:11284: checking pthread.h usability
configure:11284: gcc -c -g -O2  conftest.c >&5
configure:11284: $? = 0
configure:11284: result: yes
configure:11284: checking pthread.h presence
configure:11284: gcc -E  conftest.c
configure:11284: $? = 0
configure:11284: result: yes
configure:11284: checking for pthread.h
configure:11284: result: yes
configure:11298: checking jpeglib.h usability
configure:11298: gcc -c -g -O2  conftest.c >&5
configure:11298: $? = 0
configure:11298: result: yes
configure:11298: checking jpeglib.h presence
configure:11298: gcc -E  conftest.c
configure:11298: $? = 0
configure:11298: result: yes
configure:11298: checking for jpeglib.h
configure:11298: result: yes
configure:11312: checking whether byte ordering is bigendian
configure:11327: gcc -c -g -O2  conftest.c >&5
conftest.c:27:9: error: unknown type name 'not'
   27 |         not a universal capable compiler
      |         ^~~
conftest.c:27:15: error: expected '=', ',', ';', 'asm' or '__attribute__' before 'universal'
   27 |         not a universal capable compiler
      |               ^~~~~~~~~
conftest.c:27:15: error: unknown type name 'universal'
configure:11327: $? = 1
configure: failed program was:
| /* confdefs.h */
| #define PACKAGE_NAME "HP Linux Imaging and Printing"
| #define PACKAGE_TARNAME "hplip"
| #define PACKAGE_VERSION "3.21.12"
| #define PACKAGE_STRING "HP Linux Imaging and Printing 3.21.12"
| #define PACKAGE_BUGREPORT "3.21.12"
| #define PACKAGE_URL ""
| #define PACKAGE "hplip"
| #define VERSION "3.21.12"
| #define STDC_HEADERS 1
| #define HAVE_SYS_TYPES_H 1
| #define HAVE_SYS_STAT_H 1
| #define HAVE_STDLIB_H 1
| #define HAVE_STRING_H 1
| #define HAVE_MEMORY_H 1
| #define HAVE_STRINGS_H 1
| #define HAVE_INTTYPES_H 1
| #define HAVE_STDINT_H 1
| #define HAVE_UNISTD_H 1
| #define HAVE_DLFCN_H 1
| #define LT_OBJDIR ".libs/"
| #define HAVE_LIBDL 1
| #define HAVE_PTHREAD_H 1
| #define HAVE_JPEGLIB_H 1
| /* end confdefs.h.  */
| #ifndef __APPLE_CC__
| 	       not a universal capable compiler
| 	     #endif
| 	     typedef int dummy;
| 
configure:11372: gcc -c -g -O2  conftest.c >&5
configure:11372: $? = 0
configure:11390: gcc -c -g -O2  conftest.c >&5
conftest.c: In function 'main':
conftest.c:33:4: error: unknown type name 'not'; did you mean 'ino_t'?
   33 |    not big endian
      |    ^~~
      |    ino_t
conftest.c:33:12: error: expected '=', ',', ';', 'asm' or '__attribute__' before 'endian'
   33 |    not big endian
      |            ^~~~~~
configure:11390: $? = 1
configure: failed program was:
| /* confdefs.h */
| #define PACKAGE_NAME "HP Linux Imaging and Printing"
| #define PACKAGE_TARNAME "hplip"
| #define PACKAGE_VERSION "3.21.12"
| #define PACKAGE_STRING "HP Linux Imaging and Printing 3.21.12"
| #define PACKAGE_BUGREPORT "3.21.12"
| #define PACKAGE_URL ""
| #define PACKAGE "hplip"
| #define VERSION "3.21.12"
| #define STDC_HEADERS 1
| #define HAVE_SYS_TYPES_H 1
| #define HAVE_SYS_STAT_H 1
| #define HAVE_STDLIB_H 1
| #define HAVE_STRING_H 1
| #define HAVE_MEMORY_H 1
| #define HAVE_STRINGS_H 1
| #define HAVE_INTTYPES_H 1
| #define HAVE_STDINT_H 1
| #define HAVE_UNISTD_H 1
| #define HAVE_DLFCN_H 1
| #define LT_OBJDIR ".libs/"
| #define HAVE_LIBDL 1
| #define HAVE_PTHREAD_H 1
| #define HAVE_JPEGLIB_H 1
| /* end confdefs.h.  */
| #include <sys/types.h>
| 		#include <sys/param.h>
| 
| int
| main ()
| {
| #if BYTE_ORDER != BIG_ENDIAN
| 		 not big endian
| 		#endif
| 
|   ;
|   return 0;
| }
configure:11518: result: no
configure:11549: checking for uint32_t
configure:11549: gcc -c -g -O2  conftest.c >&5
configure:11549: $? = 0
configure:11549: gcc -c -g -O2  conftest.c >&5
conftest.c: In function 'main':
conftest.c:31:23: error: expected expression before ')' token
   31 | if (sizeof ((uint32_t)))
      |                       ^
configure:11549: $? = 1
configure: failed program was:
| /* confdefs.h */
| #define PACKAGE_NAME "HP Linux Imaging and Printing"
| #define PACKAGE_TARNAME "hplip"
| #define PACKAGE_VERSION "3.21.12"
| #define PACKAGE_STRING "HP Linux Imaging and Printing 3.21.12"
| #define PACKAGE_BUGREPORT "3.21.12"
| #define PACKAGE_URL ""
| #define PACKAGE "hplip"
| #define VERSION "3.21.12"
| #define STDC_HEADERS 1
| #define HAVE_SYS_TYPES_H 1
| #define HAVE_SYS_STAT_H 1
| #define HAVE_STDLIB_H 1
| #define HAVE_STRING_H 1
| #define HAVE_MEMORY_H 1
| #define HAVE_STRINGS_H 1
| #define HAVE_INTTYPES_H 1
| #define HAVE_STDINT_H 1
| #define HAVE_UNISTD_H 1
| #define HAVE_DLFCN_H 1
| #define LT_OBJDIR ".libs/"
| #define HAVE_LIBDL 1
| #define HAVE_PTHREAD_H 1
| #define HAVE_JPEGLIB_H 1
| /* end confdefs.h.  */
| #include "prnt/hpijs/auto-include.h"
| 
| int
| main ()
| {
| if (sizeof ((uint32_t)))
| 	    return 0;
|   ;
|   return 0;
| }
configure:11549: result: yes
configure:11561: checking "for platform-dependencies"
configure:11581: result: "using Default platform.h"
configure:11609: checking for documentation build
configure:11619: result: yes
configure:11634: checking for hpijs only build
configure:11654: result: no
configure:11669: checking for lite build
configure:11686: result: no
configure:11698: checking for hpcups only build
configure:11715: result: no
configure:11755: checking for hpijs install
configure:11771: result: no
configure:11783: checking for hpcups install
configure:11793: result: yes
configure:11809: checking for new hpcups install
configure:11822: result: no
configure:11834: checking for hpps install
configure:11844: result: yes
configure:11860: checking for network build
configure:11870: result: yes
configure:11885: checking for parallel port build
configure:11902: result: no
configure:11906: checking for class driver
configure:11927: result: no
configure:11941: checking for scanner build
configure:11951: result: yes
configure:11968: checking for gui build
configure:11978: result: yes
configure:11993: checking for fax build
configure:12003: result: yes
configure:12019: checking for apparmor profile
configure:12030: result: yes
configure:12049: checking for dbus build
configure:12059: result: yes
configure:12066: checking for cups 1.1.x build
configure:12081: result: no
configure:12085: checking for HPCUPS ImageProcessor build
configure:12095: result: yes
configure:12097: ImageProcessor build enabled
configure:12116: checking for udev sysfs enable rules
configure:12129: result: no
configure:12141: checking for shadow build
configure:12154: result: no
configure:12166: checking for libusb-0.1 build
configure:12181: result: no
configure:12289: checking for foomatic ppd install
configure:12305: result: no
configure:12326: checking for foomatic drv install
configure:12342: result: no
configure:12354: checking for cups drv install
configure:12364: result: yes
configure:12380: checking for cups ppd install
configure:12394: result: no
configure:12406: checking for foomatic-rip-hplip install
configure:12423: result: no
configure:12436: checking for qt5
configure:12446: result: yes
configure:12462: checking for qt4
configure:12475: result: no
configure:12488: checking for qt3
configure:12503: result: no
configure:12539: checking for policykit
configure:12552: result: no
configure:12577: checking for host machine platform
configure:12589: result: x86_64
configure:12600: checking for CRYPTO_free in -lcrypto
configure:12625: gcc -o conftest -g -O2   conftest.c -lcrypto   >&5
configure:12625: $? = 0
configure:12634: result: yes
configure:12647: checking for snmp_timeout in -lnetsnmp
configure:12672: gcc -o conftest -g -O2   conftest.c -lnetsnmp  -lcrypto  >&5
configure:12672: $? = 0
configure:12681: result: yes
configure:12752: checking net-snmp/net-snmp-config.h usability
configure:12752: gcc -c -g -O2  conftest.c >&5
configure:12752: $? = 0
configure:12752: result: yes
configure:12752: checking net-snmp/net-snmp-config.h presence
configure:12752: gcc -E  conftest.c
configure:12752: $? = 0
configure:12752: result: yes
configure:12752: checking for net-snmp/net-snmp-config.h
configure:12752: result: yes
configure:12773: checking for avahi_client_new in -lavahi-client
configure:12798: gcc -o conftest -g -O2   conftest.c -lavahi-client  -lcrypto  >&5
configure:12798: $? = 0
configure:12807: result: yes
configure:12820: checking for avahi_strerror in -lavahi-common
configure:12845: gcc -o conftest -g -O2   conftest.c -lavahi-common  -lavahi-client -lcrypto  >&5
configure:12845: $? = 0
configure:12854: result: yes
configure:12869: checking avahi-client/client.h usability
configure:12869: gcc -c -g -O2  conftest.c >&5
configure:12869: $? = 0
configure:12869: result: yes
configure:12869: checking avahi-client/client.h presence
configure:12869: gcc -E  conftest.c
configure:12869: $? = 0
configure:12869: result: yes
configure:12869: checking for avahi-client/client.h
configure:12869: result: yes
configure:12883: checking avahi-common/malloc.h usability
configure:12883: gcc -c -g -O2  conftest.c >&5
configure:12883: $? = 0
configure:12883: result: yes
configure:12883: checking avahi-common/malloc.h presence
configure:12883: gcc -E  conftest.c
configure:12883: $? = 0
configure:12883: result: yes
configure:12883: checking for avahi-common/malloc.h
configure:12883: result: yes
configure:12915: checking for cupsDoFileRequest in -lcups
configure:12940: gcc -o conftest -g -O2   conftest.c -lcups  -lavahi-common -lavahi-client -lcrypto  >&5
configure:12940: $? = 0
configure:12949: result: yes
configure:12959: checking cups/cups.h usability
configure:12959: gcc -c -g -O2  conftest.c >&5
configure:12959: $? = 0
configure:12959: result: yes
configure:12959: checking cups/cups.h presence
configure:12959: gcc -E  conftest.c
configure:12959: $? = 0
configure:12959: result: yes
configure:12959: checking for cups/cups.h
configure:12959: result: yes
configure:13029: checking for libusb_init in -lusb-1.0
configure:13054: gcc -o conftest -g -O2   conftest.c -lusb-1.0  -lavahi-common -lavahi-client -lcrypto  >&5
configure:13054: $? = 0
configure:13063: result: yes
configure:13073: checking libusb-1.0/libusb.h usability
configure:13073: gcc -c -g -O2  conftest.c >&5
configure:13073: $? = 0
configure:13073: result: yes
configure:13073: checking libusb-1.0/libusb.h presence
configure:13073: gcc -E  conftest.c
configure:13073: $? = 0
configure:13073: result: yes
configure:13073: checking for libusb-1.0/libusb.h
configure:13073: result: yes
configure:13108: checking for python
configure:13138: result: no
configure:13108: checking for python3
configure:13124: found /usr/bin/python3
configure:13135: result: python3
configure:13152: checking whether python3 version >= 2.2
configure:13163: python3 -c import sys # split strings by '.' and convert to numeric. Append some zeros # because we need at least 4 digits for the hex conversion. # map returns an iterator in Python 3.0 and a list in 2.x minver = list(map(int, '2.2'.split('.'))) + [0, 0, 0] minverhex = 0 # xrange is not present in Python 3.0 and range returns an iterator for i in list(range(0, 4)): minverhex = (minverhex << 8) + minver[i] sys.exit(sys.hexversion < minverhex)
configure:13166: $? = 0
configure:13168: result: yes
configure:13259: checking for python3 version
configure:13266: result: 3.8
configure:13278: checking for python3 platform
configure:13285: result: linux
configure:13292: checking for python3 script directory
configure:13321: result: ${prefix}/lib/python3/dist-packages
configure:13330: checking for python3 extension module directory
configure:13359: result: ${exec_prefix}/lib/python3/dist-packages
configure:13372: checking for path to Python.h
configure:13375: result: "using /usr/include/python3.8 ....  python3.8/Python.h"
configure:13381: checking python3.8/Python.h usability
configure:13381: gcc -c -I/usr/include/python3.8 -I/usr/include/python3.8  conftest.c >&5
configure:13381: $? = 0
configure:13381: result: yes
configure:13381: checking python3.8/Python.h presence
configure:13381: gcc -E  conftest.c
In file included from /usr/include/python3.8/pystate.h:129,
                 from /usr/include/python3.8/genobject.h:11,
                 from /usr/include/python3.8/Python.h:121,
                 from conftest.c:39:
/usr/include/python3.8/cpython/pystate.h:9:10: fatal error: cpython/initconfig.h: No such file or directory
    9 | #include "cpython/initconfig.h"
      |          ^~~~~~~~~~~~~~~~~~~~~~
compilation terminated.
configure:13381: $? = 1
configure: failed program was:
| /* confdefs.h */
| #define PACKAGE_NAME "HP Linux Imaging and Printing"
| #define PACKAGE_TARNAME "hplip"
| #define PACKAGE_VERSION "3.21.12"
| #define PACKAGE_STRING "HP Linux Imaging and Printing 3.21.12"
| #define PACKAGE_BUGREPORT "3.21.12"
| #define PACKAGE_URL ""
| #define PACKAGE "hplip"
| #define VERSION "3.21.12"
| #define STDC_HEADERS 1
| #define HAVE_SYS_TYPES_H 1
| #define HAVE_SYS_STAT_H 1
| #define HAVE_STDLIB_H 1
| #define HAVE_STRING_H 1
| #define HAVE_MEMORY_H 1
| #define HAVE_STRINGS_H 1
| #define HAVE_INTTYPES_H 1
| #define HAVE_STDINT_H 1
| #define HAVE_UNISTD_H 1
| #define HAVE_DLFCN_H 1
| #define LT_OBJDIR ".libs/"
| #define HAVE_LIBDL 1
| #define HAVE_PTHREAD_H 1
| #define HAVE_JPEGLIB_H 1
| #define HAVE_UINT32_T 1
| #define HAVE_LIBHPIP 1
| #define HAVE_LIBHPIP 1
| #define HAVE_LIBCRYPTO 1
| #define HAVE_LIBNETSNMP 1
| #define HAVE_NET_SNMP_NET_SNMP_CONFIG_H 1
| #define HAVE_LIBAVAHI 1
| #define HAVE_LIBAVAHI_CLIENT 1
| #define HAVE_LIBAVAHI_COMMON 1
| #define HAVE_AVAHI_CLIENT_CLIENT_H 1
| #define HAVE_AVAHI_COMMON_MALLOC_H 1
| #define HAVE_CUPS_CUPS_H 1
| #define HAVE_LIBUSB_1_0_LIBUSB_H 1
| /* end confdefs.h.  */
| #include <python3.8/Python.h>
configure:13381: result: no
configure:13381: WARNING: python3.8/Python.h: accepted by the compiler, rejected by the preprocessor!
configure:13381: WARNING: python3.8/Python.h: proceeding with the compiler's result
configure:13381: checking for python3.8/Python.h
configure:13381: result: yes
configure:13419: checking for sane_open in -lsane
configure:13444: gcc -o conftest    conftest.c -lsane  -lavahi-common -lavahi-client -lcrypto  >&5
configure:13444: $? = 0
configure:13453: result: yes
configure:13521: checking for pkg-config
configure:13539: found /usr/bin/pkg-config
configure:13551: result: /usr/bin/pkg-config
configure:13576: checking pkg-config is at least version 0.9.0
configure:13579: result: yes
configure:13589: checking for DBUS
configure:13596: $PKG_CONFIG --exists --print-errors "dbus-1 >= 1.0.0"
configure:13599: $? = 0
configure:13613: $PKG_CONFIG --exists --print-errors "dbus-1 >= 1.0.0"
configure:13616: $? = 0
configure:13654: result: yes
configure:13658: checking for dbus_connection_open in -ldbus-1
configure:13683: gcc -o conftest    conftest.c -ldbus-1  -lavahi-common -lavahi-client -lcrypto  >&5
configure:13683: $? = 0
configure:13692: result: yes
configure:14150: creating ./config.status

## ---------------------- ##
## Running config.status. ##
## ---------------------- ##

This file was extended by HP Linux Imaging and Printing config.status 3.21.12, which was
generated by GNU Autoconf 2.68.  Invocation command line was

  CONFIG_FILES    = 
  CONFIG_HEADERS  = 
  CONFIG_LINKS    = 
  CONFIG_COMMANDS = 
  $ ./config.status 

on host00

config.status:1232: creating Makefile
config.status:1232: creating hplip.conf
config.status:1232: creating hplip.desktop
config.status:1232: creating hp-uiscan.desktop
config.status:1232: creating hplip-systray.desktop
config.status:1232: creating prnt/drv/hpijs.drv
config.status:1232: creating prnt/drv/hpcups.drv
config.status:1232: creating hplip.list
config.status:1232: creating data/policykit/com.hp.hplip.service
config.status:1404: executing depfiles commands
config.status:1404: executing libtool commands

## ---------------- ##
## Cache variables. ##
## ---------------- ##

ac_cv_build=x86_64-unknown-linux-gnu
ac_cv_c_bigendian=no
ac_cv_c_compiler_gnu=yes
ac_cv_cxx_compiler_gnu=yes
ac_cv_env_CCC_set=
ac_cv_env_CCC_value=
ac_cv_env_CC_set=
ac_cv_env_CC_value=
ac_cv_env_CFLAGS_set=
ac_cv_env_CFLAGS_value=
ac_cv_env_CPPFLAGS_set=
ac_cv_env_CPPFLAGS_value=
ac_cv_env_CPP_set=
ac_cv_env_CPP_value=
ac_cv_env_CXXCPP_set=
ac_cv_env_CXXCPP_value=
ac_cv_env_CXXFLAGS_set=
ac_cv_env_CXXFLAGS_value=
ac_cv_env_CXX_set=
ac_cv_env_CXX_value=
ac_cv_env_DBUS_CFLAGS_set=
ac_cv_env_DBUS_CFLAGS_value=
ac_cv_env_DBUS_LIBS_set=
ac_cv_env_DBUS_LIBS_value=
ac_cv_env_LDFLAGS_set=
ac_cv_env_LDFLAGS_value=
ac_cv_env_LIBS_set=
ac_cv_env_LIBS_value=
ac_cv_env_PKG_CONFIG_LIBDIR_set=
ac_cv_env_PKG_CONFIG_LIBDIR_value=
ac_cv_env_PKG_CONFIG_PATH_set=
ac_cv_env_PKG_CONFIG_PATH_value=
ac_cv_env_PKG_CONFIG_set=
ac_cv_env_PKG_CONFIG_value=
ac_cv_env_PYTHONINCLUDEDIR_set=
ac_cv_env_PYTHONINCLUDEDIR_value=
ac_cv_env_PYTHONVERSION_set=
ac_cv_env_PYTHONVERSION_value=
ac_cv_env_PYTHON_set=
ac_cv_env_PYTHON_value=
ac_cv_env_build_alias_set=
ac_cv_env_build_alias_value=
ac_cv_env_host_alias_set=
ac_cv_env_host_alias_value=
ac_cv_env_target_alias_set=
ac_cv_env_target_alias_value=
ac_cv_header_avahi_client_client_h=yes
ac_cv_header_avahi_common_malloc_h=yes
ac_cv_header_cups_cups_h=yes
ac_cv_header_dlfcn_h=yes
ac_cv_header_inttypes_h=yes
ac_cv_header_jpeglib_h=yes
ac_cv_header_libusb_1_0_libusb_h=yes
ac_cv_header_memory_h=yes
ac_cv_header_net_snmp_net_snmp_config_h=yes
ac_cv_header_pthread_h=yes
ac_cv_header_python3_8_Python_h=yes
ac_cv_header_stdc=yes
ac_cv_header_stdint_h=yes
ac_cv_header_stdlib_h=yes
ac_cv_header_string_h=yes
ac_cv_header_strings_h=yes
ac_cv_header_sys_stat_h=yes
ac_cv_header_sys_types_h=yes
ac_cv_header_unistd_h=yes
ac_cv_host=x86_64-unknown-linux-gnu
ac_cv_lib_avahi_client_avahi_client_new=yes
ac_cv_lib_avahi_common_avahi_strerror=yes
ac_cv_lib_crypto_CRYPTO_free=yes
ac_cv_lib_cups_cupsDoFileRequest=yes
ac_cv_lib_dbus_1_dbus_connection_open=yes
ac_cv_lib_dl_dlopen=yes
ac_cv_lib_jpeg_jpeg_set_defaults=yes
ac_cv_lib_m_pow=yes
ac_cv_lib_netsnmp_snmp_timeout=yes
ac_cv_lib_pthread_pthread_create=yes
ac_cv_lib_sane_sane_open=yes
ac_cv_lib_usb_1_0_libusb_init=yes
ac_cv_objext=o
ac_cv_path_EGREP='/usr/bin/grep -E'
ac_cv_path_FGREP='/usr/bin/grep -F'
ac_cv_path_GREP=/usr/bin/grep
ac_cv_path_SED=/usr/bin/sed
ac_cv_path_ac_pt_PKG_CONFIG=/usr/bin/pkg-config
ac_cv_path_install='/usr/bin/install -c'
ac_cv_path_mkdir=/usr/bin/mkdir
ac_cv_prog_AWK=mawk
ac_cv_prog_CPP='gcc -E'
ac_cv_prog_CXXCPP='g++ -E'
ac_cv_prog_PYTHON=python3
ac_cv_prog_ac_ct_AR=ar
ac_cv_prog_ac_ct_CC=gcc
ac_cv_prog_ac_ct_CXX=g++
ac_cv_prog_ac_ct_MANIFEST_TOOL=mt
ac_cv_prog_ac_ct_OBJDUMP=objdump
ac_cv_prog_ac_ct_RANLIB=ranlib
ac_cv_prog_ac_ct_STRIP=strip
ac_cv_prog_cc_c89=
ac_cv_prog_cc_g=yes
ac_cv_prog_cxx_g=yes
ac_cv_prog_make_make_set=yes
ac_cv_type_uint32_t=yes
am_cv_CC_dependencies_compiler_type=gcc3
am_cv_CXX_dependencies_compiler_type=gcc3
am_cv_python_platform=linux
am_cv_python_pyexecdir='${exec_prefix}/lib/python3/dist-packages'
am_cv_python_pythondir='${prefix}/lib/python3/dist-packages'
am_cv_python_version=3.8
lt_cv_ar_at_file=@
lt_cv_archive_cmds_need_lc=no
lt_cv_deplibs_check_method=pass_all
lt_cv_file_magic_cmd='$MAGIC_CMD'
lt_cv_file_magic_test_file=
lt_cv_ld_reload_flag=-r
lt_cv_nm_interface='BSD nm'
lt_cv_objdir=.libs
lt_cv_path_LD=/usr/bin/ld
lt_cv_path_LDCXX='/usr/bin/ld -m elf_x86_64'
lt_cv_path_NM='/usr/bin/nm -B'
lt_cv_path_mainfest_tool=no
lt_cv_prog_compiler_c_o=yes
lt_cv_prog_compiler_c_o_CXX=yes
lt_cv_prog_compiler_pic='-fPIC -DPIC'
lt_cv_prog_compiler_pic_CXX='-fPIC -DPIC'
lt_cv_prog_compiler_pic_works=yes
lt_cv_prog_compiler_pic_works_CXX=yes
lt_cv_prog_compiler_rtti_exceptions=no
lt_cv_prog_compiler_static_works=yes
lt_cv_prog_compiler_static_works_CXX=yes
lt_cv_prog_gnu_ld=yes
lt_cv_prog_gnu_ldcxx=yes
lt_cv_sharedlib_from_linklib_cmd='printf %s\n'
lt_cv_shlibpath_overrides_runpath=yes
lt_cv_sys_global_symbol_pipe='sed -n -e '\''s/^.*[	 ]\([ABCDGIRSTW][ABCDGIRSTW]*\)[	 ][	 ]*\([_A-Za-z][_A-Za-z0-9]*\)$/\1 \2 \2/p'\'' | sed '\''/ __gnu_lto/d'\'''
lt_cv_sys_global_symbol_to_c_name_address='sed -n -e '\''s/^: \([^ ]*\)[ ]*$/  {\"\1\", (void *) 0},/p'\'' -e '\''s/^[ABCDGIRSTW]* \([^ ]*\) \([^ ]*\)$/  {"\2", (void *) \&\2},/p'\'''
lt_cv_sys_global_symbol_to_c_name_address_lib_prefix='sed -n -e '\''s/^: \([^ ]*\)[ ]*$/  {\"\1\", (void *) 0},/p'\'' -e '\''s/^[ABCDGIRSTW]* \([^ ]*\) \(lib[^ ]*\)$/  {"\2", (void *) \&\2},/p'\'' -e '\''s/^[ABCDGIRSTW]* \([^ ]*\) \([^ ]*\)$/  {"lib\2", (void *) \&\2},/p'\'''
lt_cv_sys_global_symbol_to_cdecl='sed -n -e '\''s/^T .* \(.*\)$/extern int \1();/p'\'' -e '\''s/^[ABCDGIRSTW]* .* \(.*\)$/extern char \1;/p'\'''
lt_cv_sys_max_cmd_len=1572864
lt_cv_to_host_file_cmd=func_convert_file_noop
lt_cv_to_tool_file_cmd=func_convert_file_noop
pkg_cv_DBUS_CFLAGS='-I/usr/include/dbus-1.0 -I/usr/lib/x86_64-linux-gnu/dbus-1.0/include'
pkg_cv_DBUS_LIBS=-ldbus-1

## ----------------- ##
## Output variables. ##
## ----------------- ##

ACLOCAL='${SHELL} /home/rl/work/github.com/rgfaber/dev-toolkit/0900-hp/hplip-3.21.12/missing --run aclocal-1.11'
AMDEPBACKSLASH='\'
AMDEP_FALSE='#'
AMDEP_TRUE=''
AMTAR='${SHELL} /home/rl/work/github.com/rgfaber/dev-toolkit/0900-hp/hplip-3.21.12/missing --run tar'
APDK_AUTO_INCLUDE_FLAG='-DAPDK_AUTO_INCLUDE'
APDK_ENDIAN_FLAG='-DAPDK_LITTLE_ENDIAN'
APPARMOR_BUILD_FALSE='#'
APPARMOR_BUILD_TRUE=''
AR='ar'
AUTOCONF='${SHELL} /home/rl/work/github.com/rgfaber/dev-toolkit/0900-hp/hplip-3.21.12/missing --run autoconf'
AUTOHEADER='${SHELL} /home/rl/work/github.com/rgfaber/dev-toolkit/0900-hp/hplip-3.21.12/missing --run autoheader'
AUTOMAKE='${SHELL} /home/rl/work/github.com/rgfaber/dev-toolkit/0900-hp/hplip-3.21.12/missing --run automake-1.11'
AWK='mawk'
CC='gcc'
CCDEPMODE='depmode=gcc3'
CFLAGS=''
CPP='gcc -E'
CPPFLAGS=''
CUPS_DRV_INSTALL_FALSE='#'
CUPS_DRV_INSTALL_TRUE=''
CUPS_PPD_INSTALL_FALSE=''
CUPS_PPD_INSTALL_TRUE='#'
CXX='g++'
CXXCPP='g++ -E'
CXXDEPMODE='depmode=gcc3'
CXXFLAGS='-g -O2'
CYGPATH_W='echo'
DARWIN_BUILD_FALSE=''
DARWIN_BUILD_TRUE='#'
DBUS_CFLAGS='-I/usr/include/dbus-1.0 -I/usr/lib/x86_64-linux-gnu/dbus-1.0/include'
DBUS_LIBS='-ldbus-1'
DEFS='-DPACKAGE_NAME=\"HP\ Linux\ Imaging\ and\ Printing\" -DPACKAGE_TARNAME=\"hplip\" -DPACKAGE_VERSION=\"3.21.12\" -DPACKAGE_STRING=\"HP\ Linux\ Imaging\ and\ Printing\ 3.21.12\" -DPACKAGE_BUGREPORT=\"3.21.12\" -DPACKAGE_URL=\"\" -DPACKAGE=\"hplip\" -DVERSION=\"3.21.12\" -DSTDC_HEADERS=1 -DHAVE_SYS_TYPES_H=1 -DHAVE_SYS_STAT_H=1 -DHAVE_STDLIB_H=1 -DHAVE_STRING_H=1 -DHAVE_MEMORY_H=1 -DHAVE_STRINGS_H=1 -DHAVE_INTTYPES_H=1 -DHAVE_STDINT_H=1 -DHAVE_UNISTD_H=1 -DHAVE_DLFCN_H=1 -DLT_OBJDIR=\".libs/\" -DHAVE_LIBDL=1 -DHAVE_PTHREAD_H=1 -DHAVE_JPEGLIB_H=1 -DHAVE_UINT32_T=1 -DHAVE_LIBHPIP=1 -DHAVE_LIBHPIP=1 -DHAVE_LIBCRYPTO=1 -DHAVE_LIBNETSNMP=1 -DHAVE_NET_SNMP_NET_SNMP_CONFIG_H=1 -DHAVE_LIBAVAHI=1 -DHAVE_LIBAVAHI_CLIENT=1 -DHAVE_LIBAVAHI_COMMON=1 -DHAVE_AVAHI_CLIENT_CLIENT_H=1 -DHAVE_AVAHI_COMMON_MALLOC_H=1 -DHAVE_CUPS_CUPS_H=1 -DHAVE_LIBUSB_1_0_LIBUSB_H=1 -DHAVE_PYTHON3_8_PYTHON_H=1 -DHAVE_DBUS=1'
DEPDIR='.deps'
DISBALE_IMAGEPROCESSOR_BUILD_FALSE=''
DISBALE_IMAGEPROCESSOR_BUILD_TRUE='#'
DLLTOOL='false'
DOC_BUILD_FALSE='#'
DOC_BUILD_TRUE=''
DSYMUTIL=''
DUMPBIN=''
ECHO_C=''
ECHO_N='-n'
ECHO_T=''
EGREP='/usr/bin/grep -E'
EXEEXT=''
FAX_BUILD_FALSE='#'
FAX_BUILD_TRUE=''
FGREP='/usr/bin/grep -F'
FOOMATIC_DRV_INSTALL_FALSE=''
FOOMATIC_DRV_INSTALL_TRUE='#'
FOOMATIC_PPD_INSTALL_FALSE=''
FOOMATIC_PPD_INSTALL_TRUE='#'
FULL_BUILD_FALSE='#'
FULL_BUILD_TRUE=''
GCC_GE_47_FALSE=''
GCC_GE_47_TRUE='#'
GREP='/usr/bin/grep'
GUI_BUILD_FALSE='#'
GUI_BUILD_TRUE=''
HPCUPS_INSTALL_FALSE='#'
HPCUPS_INSTALL_TRUE=''
HPCUPS_ONLY_BUILD_FALSE=''
HPCUPS_ONLY_BUILD_TRUE='#'
HPIJS_INSTALL_FALSE=''
HPIJS_INSTALL_TRUE='#'
HPIJS_ONLY_BUILD_FALSE=''
HPIJS_ONLY_BUILD_TRUE='#'
HPLIP_BUILD_FALSE='#'
HPLIP_BUILD_TRUE=''
HPLIP_CLASS_DRIVER_FALSE=''
HPLIP_CLASS_DRIVER_TRUE='#'
HPPS_INSTALL_FALSE='#'
HPPS_INSTALL_TRUE=''
INSTALL_DATA='${INSTALL} -m 644'
INSTALL_PROGRAM='${INSTALL}'
INSTALL_SCRIPT='${INSTALL}'
INSTALL_STRIP_PROGRAM='$(install_sh) -c -s'
LD='/usr/bin/ld -m elf_x86_64'
LDFLAGS=''
LIBOBJS=''
LIBS='-lavahi-common -lavahi-client -lcrypto '
LIBTOOL='$(SHELL) $(top_builddir)/libtool'
LIBUSB01_BUILD_FALSE=''
LIBUSB01_BUILD_TRUE='#'
LIPO=''
LITE_BUILD_FALSE=''
LITE_BUILD_TRUE='#'
LN_S='ln -s'
LTLIBOBJS=''
MAKEINFO='${SHELL} /home/rl/work/github.com/rgfaber/dev-toolkit/0900-hp/hplip-3.21.12/missing --run makeinfo'
MANIFEST_TOOL=':'
MKDIR_P='/usr/bin/mkdir -p'
NETWORK_BUILD_FALSE='#'
NETWORK_BUILD_TRUE=''
NEW_HPCUPS_FALSE=''
NEW_HPCUPS_TRUE='#'
NM='/usr/bin/nm -B'
NMEDIT=''
OBJDUMP='objdump'
OBJEXT='o'
OTOOL64=''
OTOOL=''
PACKAGE='hplip'
PACKAGE_BUGREPORT='3.21.12'
PACKAGE_NAME='HP Linux Imaging and Printing'
PACKAGE_STRING='HP Linux Imaging and Printing 3.21.12'
PACKAGE_TARNAME='hplip'
PACKAGE_URL=''
PACKAGE_VERSION='3.21.12'
PATH_SEPARATOR=':'
PKG_CONFIG='/usr/bin/pkg-config'
PKG_CONFIG_LIBDIR=''
PKG_CONFIG_PATH=''
POLICYKIT_INSTALL_FALSE=''
POLICYKIT_INSTALL_TRUE='#'
PYTHON='python3'
PYTHONINCLUDEDIR='/usr/include/python3.8'
PYTHONVERSION=''
PYTHON_EXEC_PREFIX='${exec_prefix}'
PYTHON_PLATFORM='linux'
PYTHON_PREFIX='${prefix}'
PYTHON_VERSION='3.8'
QT3_INSTALL_FALSE=''
QT3_INSTALL_TRUE='#'
QT4_INSTALL_FALSE=''
QT4_INSTALL_TRUE='#'
QT5_INSTALL_FALSE='#'
QT5_INSTALL_TRUE=''
RANLIB='ranlib'
RIP_INSTALL_FALSE=''
RIP_INSTALL_TRUE='#'
SCAN_BUILD_FALSE='#'
SCAN_BUILD_TRUE=''
SED='/usr/bin/sed'
SET_MAKE=''
SHADOW_BUILD_FALSE=''
SHADOW_BUILD_TRUE='#'
SHELL='/bin/bash'
SNMPLIB='netsnmp'
STRIP='strip'
UDEV_SYSFS_RULES_FALSE=''
UDEV_SYSFS_RULES_TRUE='#'
VERSION='3.21.12'
abs_datadir='/usr/share'
abs_docdir='/usr/share/doc/hplip-3.21.12'
abs_drvdir='/usr/share/cups/drv/hp'
abs_hpppddir='/usr/share/ppd/HP'
abs_htmldir='/usr/share/doc/hplip-3.21.12'
abs_mimedir='/usr/share/cups/mime/'
abs_ppddir='/usr/share/ppd'
abs_sbindir='/usr/sbin'
ac_ct_AR='ar'
ac_ct_CC='gcc'
ac_ct_CXX='g++'
ac_ct_DUMPBIN=''
am__EXEEXT_FALSE=''
am__EXEEXT_TRUE='#'
am__fastdepCC_FALSE='#'
am__fastdepCC_TRUE=''
am__fastdepCXX_FALSE='#'
am__fastdepCXX_TRUE=''
am__include='include'
am__isrc=''
am__leading_dot='.'
am__quote=''
am__tar='${AMTAR} chof - "$$tardir"'
am__untar='${AMTAR} xf -'
apparmor_build='yes'
apparmordir='/etc/apparmor.d'
bindir='${exec_prefix}/bin'
build='x86_64-unknown-linux-gnu'
build_alias=''
build_cpu='x86_64'
build_os='linux-gnu'
build_vendor='unknown'
class_driver='no'
cups11_build='no'
cups_drv_install='yes'
cups_ppd_install='no'
cupsbackenddir='/usr/lib/cups/backend'
cupsfilterdir='/usr/lib/cups/filter'
datadir='${datarootdir}'
datarootdir='${prefix}/share'
dbus_build='yes'
doc_build='yes'
docdir='${datarootdir}/doc/${PACKAGE_TARNAME}'
drvdir='${datarootdir}/cups/drv/hp'
dvidir='${docdir}'
epm_class_driver=''
epm_class_install=''
epm_cups_drv_install='yes'
epm_cups_ppd_install=''
epm_foomatic_drv_install=''
epm_foomatic_ppd_install=''
epm_foomatic_rip_hplip_install=''
epm_full=''
epm_hpcups_install='yes'
epm_hpcups_only='#'
epm_hpijs_install=''
epm_hpijs_only='#'
epm_hpps_install='yes'
epm_lite='#'
epm_print_only_exclude=''
epm_qt3='#'
epm_qt4='#'
epm_qt5=''
epm_scan=''
exec_prefix='${prefix}'
fax_build='yes'
foomatic_drv_install='no'
foomatic_filter='foomatic-rip'
foomatic_ppd_install='no'
foomatic_rip_hplip_install='no'
gui_build='yes'
host='x86_64-unknown-linux-gnu'
host_alias=''
host_cpu='x86_64'
host_os='linux-gnu'
host_vendor='unknown'
hpcups_install='yes'
hpcups_only_build='no'
hpdocdir='${datarootdir}/doc/hplip-3.21.12'
hphtmldir='${datarootdir}/doc/hplip-3.21.12'
hpijs_install='no'
hpijs_only_build='no'
hpppddir='/usr/share/ppd/HP'
hpps_install='yes'
htmldir='${docdir}'
icondir='/usr/share/applications'
imageProcessor_build='yes'
includedir='${prefix}/include'
infodir='${datarootdir}/info'
install_sh='${SHELL} /home/rl/work/github.com/rgfaber/dev-toolkit/0900-hp/hplip-3.21.12/install-sh'
libdir='/usr/lib'
libexecdir='${exec_prefix}/libexec'
libusb01_build='no'
lite_build='no'
localedir='${datarootdir}/locale'
localstatedir='${prefix}/var'
mandir='${datarootdir}/man'
mimedir='/usr/share/cups/mime/'
mkdir_p='/usr/bin/mkdir -p'
network_build='yes'
oldincludedir='/usr/include'
pdfdir='${docdir}'
pkgpyexecdir='${pyexecdir}/hplip'
pkgpythondir='${pythondir}/hplip'
platform='x86_64'
policykit='no'
policykit_dir=''
pp_build='no'
prefix='/usr'
program_transform_name='s,x,x,'
psdir='${docdir}'
pyexecdir='${exec_prefix}/lib/python3/dist-packages'
pythondir='${prefix}/lib/python3/dist-packages'
qt3='no'
qt4='no'
qt5='yes'
sbindir='${exec_prefix}/sbin'
scan_build='yes'
shadow_build='no'
sharedstatedir='${prefix}/com'
sysconfdir='${prefix}/etc'
systraydir='/etc/xdg/autostart'
target_alias=''
udev_sysfs_rules='no'
ui_toolkit='qt5'

## ----------- ##
## confdefs.h. ##
## ----------- ##

/* confdefs.h */
#define PACKAGE_NAME "HP Linux Imaging and Printing"
#define PACKAGE_TARNAME "hplip"
#define PACKAGE_VERSION "3.21.12"
#define PACKAGE_STRING "HP Linux Imaging and Printing 3.21.12"
#define PACKAGE_BUGREPORT "3.21.12"
#define PACKAGE_URL ""
#define PACKAGE "hplip"
#define VERSION "3.21.12"
#define STDC_HEADERS 1
#define HAVE_SYS_TYPES_H 1
#define HAVE_SYS_STAT_H 1
#define HAVE_STDLIB_H 1
#define HAVE_STRING_H 1
#define HAVE_MEMORY_H 1
#define HAVE_STRINGS_H 1
#define HAVE_INTTYPES_H 1
#define HAVE_STDINT_H 1
#define HAVE_UNISTD_H 1
#define HAVE_DLFCN_H 1
#define LT_OBJDIR ".libs/"
#define HAVE_LIBDL 1
#define HAVE_PTHREAD_H 1
#define HAVE_JPEGLIB_H 1
#define HAVE_UINT32_T 1
#define HAVE_LIBHPIP 1
#define HAVE_LIBHPIP 1
#define HAVE_LIBCRYPTO 1
#define HAVE_LIBNETSNMP 1
#define HAVE_NET_SNMP_NET_SNMP_CONFIG_H 1
#define HAVE_LIBAVAHI 1
#define HAVE_LIBAVAHI_CLIENT 1
#define HAVE_LIBAVAHI_COMMON 1
#define HAVE_AVAHI_CLIENT_CLIENT_H 1
#define HAVE_AVAHI_COMMON_MALLOC_H 1
#define HAVE_CUPS_CUPS_H 1
#define HAVE_LIBUSB_1_0_LIBUSB_H 1
#define HAVE_PYTHON3_8_PYTHON_H 1
#define HAVE_DBUS 1

configure: exit 0

## ---------------------- ##
## Running config.status. ##
## ---------------------- ##

This file was extended by HP Linux Imaging and Printing config.status 3.21.12, which was
generated by GNU Autoconf 2.68.  Invocation command line was

  CONFIG_FILES    = 
  CONFIG_HEADERS  = 
  CONFIG_LINKS    = 
  CONFIG_COMMANDS = 
  $ ./config.status Makefile depfiles

on host00

config.status:1232: creating Makefile
config.status:1404: executing depfiles commands
