hplip-install[41659]: info: :
hplip-install[41659]: info: :[01mHP Linux Imaging and Printing System (ver. 3.21.12)[0m
hplip-install[41659]: info: :[01mHPLIP Installer ver. 5.1[0m
hplip-install[41659]: info: :
hplip-install[41659]: info: :Copyright (c) 2001-18 HP Development Company, LP
hplip-install[41659]: info: :This software comes with ABSOLUTELY NO WARRANTY.
hplip-install[41659]: info: :This is free software, and you are welcome to distribute it
hplip-install[41659]: info: :under certain conditions. See COPYING file for more details.
hplip-install[41659]: info: :
hplip-install[41659]: info: :Installer log saved in: [01mhplip-install_Wed-12-Jan-2022_15:45:32.log[0m
hplip-install[41659]: info: :
hplip-install[41659]: info: :
note: Defaults for each question are maked with a '*'. Press <enter> to accept the default.
hplip-install[41659]: info: :
hplip-install[41659]: info: :
hplip-install[41659]: info: :[01mINSTALLATION MODE[0m
hplip-install[41659]: info: :[01m-----------------[0m
hplip-install[41659]: info: :Automatic mode will install the full HPLIP solution with the most common options.
hplip-install[41659]: info: :Custom mode allows you to choose installation options to fit specific requirements.
hplip-install[41659]: info: :
hplip-install[41659]: info: :
hplip-install[41659]: info: :[01mINTRODUCTION[0m
hplip-install[41659]: info: :[01m------------[0m
hplip-install[41659]: info: :This installer will install HPLIP version 3.21.12 on your computer.
hplip-install[41659]: info: :Please close any running package management systems now (YaST, Adept, Synaptic, Up2date, etc).
hplip-install[41659]: info: :
hplip-install[41659]: info: :
hplip-install[41659]: info: :[01mDISTRO/OS CONFIRMATION[0m
hplip-install[41659]: info: :[01m----------------------[0m
hplip-install[41659]: info: :Distro appears to be Ubuntu 20.04.

hplip-install[41659]: info: :
Initializing. Please wait...
hplip-install[41659]: info: :
hplip-install[41659]: info: :
hplip-install[41659]: info: :[01mENTER USER PASSWORD[0m
hplip-install[41659]: info: :[01m-------------------[0m
hplip-install[41659]: info: :
hplip-install[41659]: info: :
hplip-install[41659]: info: :[01mINSTALLATION NOTES[0m
hplip-install[41659]: info: :[01m------------------[0m
hplip-install[41659]: info: :Enable the universe/multiverse repositories. Also be sure you are using the Ubuntu "Main" Repositories. See: https://help.ubuntu.com/community/Repositories/Ubuntu for more information.  Disable the CD-ROM/DVD source if you do not have the Ubuntu installation media inserted in the drive.
hplip-install[41659]: info: :
hplip-install[41659]: info: :
hplip-install[41659]: info: :
hplip-install[41659]: info: :[01mSECURITY PACKAGES[0m
hplip-install[41659]: info: :[01m-----------------[0m
hplip-install[41659]: info: :AppArmor is installed. 
hplip-install[41659]: info: :AppArmor protects the application from external intrusion attempts making the application secure
hplip-install[41659]: info: :
hplip-install[41659]: info: :
hplip-install[41659]: info: :[01mRUNNING PRE-INSTALL COMMANDS[0m
hplip-install[41659]: info: :[01m----------------------------[0m
hplip-install[41659]: info: :OK
hplip-install[41659]: info: :
hplip-install[41659]: info: :
hplip-install[41659]: info: :[01mRUNNING HPLIP LIBS REMOVE COMMANDS[0m
hplip-install[41659]: info: :[01m----------------------------------[0m
hplip-install[41659]: info: :sudo apt-get remove libhpmud0 libsane-hpaio printer-driver-postscript-hp ( hp_libs_remove step 1)
hplip-install[41659]: info: :OK
hplip-install[41659]: info: :
hplip-install[41659]: info: :
hplip-install[41659]: info: :[01mCHECKING FOR NETWORK CONNECTION[0m
hplip-install[41659]: info: :[01m-------------------------------[0m
hplip-install[41659]: info: :Network connection present.
hplip-install[41659]: info: :
hplip-install[41659]: info: :
hplip-install[41659]: info: :[01mRUNNING PRE-PACKAGE COMMANDS[0m
hplip-install[41659]: info: :[01m----------------------------[0m
hplip-install[41659]: info: :sudo dpkg --configure -a (Pre-depend step 1)
hplip-install[41659]: info: :sudo apt-get install --yes --force-yes -f (Pre-depend step 2)
hplip-install[41659]: info: :sudo apt-get update (Pre-depend step 3)
hplip-install[41659]: info: :OK
hplip-install[41659]: info: :
hplip-install[41659]: info: :
hplip-install[41659]: info: :[01mDEPENDENCY AND CONFLICT RESOLUTION[0m
hplip-install[41659]: info: :[01m----------------------------------[0m
hplip-install[41659]: info: :Starting uninstallation...
hplip-install[41659]: info: :HPLIP uninstallation is completed
hplip-install[41659]: info: :
hplip-install[41659]: info: :
hplip-install[41659]: info: :[01mRUNNING POST-PACKAGE COMMANDS[0m
hplip-install[41659]: info: :[01m-----------------------------[0m
hplip-install[41659]: info: :OK
hplip-install[41659]: info: :
hplip-install[41659]: info: :
hplip-install[41659]: info: :[01mRE-CHECKING DEPENDENCIES[0m
hplip-install[41659]: info: :[01m------------------------[0m
hplip-install[41659]: info: :OK
hplip-install[41659]: info: :
hplip-install[41659]: info: :
hplip-install[41659]: info: :[01mRUNNING SCANJET DEPENDENCY COMMANDS[0m
hplip-install[41659]: info: :[01m-----------------------------------[0m
hplip-install[41659]: info: :sudo apt-get install --assume-yes python3-pip (Scanjet-depend step 1)
hplip-install[41659]: info: :sudo pip3 install --upgrade pip (Scanjet-depend step 2)
hplip-install[41659]: info: :sudo apt-get install --assume-yes libleptonica-dev (Scanjet-depend step 3)
hplip-install[41659]: info: :sudo apt-get install --assume-yes tesseract-ocr (Scanjet-depend step 4)
hplip-install[41659]: info: :sudo apt-get install --assume-yes libtesseract-dev (Scanjet-depend step 5)
hplip-install[41659]: info: :sudo -H pip3 install tesserocr (Scanjet-depend step 6)
hplip-install[41659]: info: :sudo -H pip3 install opencv-python (Scanjet-depend step 7)
hplip-install[41659]: info: :sudo -H pip3 install PyPDF2 (Scanjet-depend step 8)
hplip-install[41659]: info: :sudo -H pip3 install imutils (Scanjet-depend step 9)
hplip-install[41659]: info: :sudo -H pip3 install ocrmypdf (Scanjet-depend step 10)
hplip-install[41659]: info: :sudo -H pip3 install scikit-image (Scanjet-depend step 11)
hplip-install[41659]: info: :sudo -H pip3 install scipy (Scanjet-depend step 12)
hplip-install[41659]: info: :sudo apt-get install --assume-yes qpdf (Scanjet-depend step 13)
hplip-install[41659]: info: :OK
hplip-install[41659]: info: :
hplip-install[41659]: info: :
hplip-install[41659]: info: :[01mPRE-BUILD COMMANDS[0m
hplip-install[41659]: info: :[01m------------------[0m
hplip-install[41659]: info: :OK
hplip-install[41659]: info: :
hplip-install[41659]: info: :
hplip-install[41659]: info: :[01mBUILD AND INSTALL[0m
hplip-install[41659]: info: :[01m-----------------[0m
hplip-install[41659]: info: :Running './configure --with-hpppddir=/usr/share/ppd/HP --libdir=/usr/lib --prefix=/usr --enable-network-build --enable-scan-build --enable-fax-build --enable-dbus-build --disable-qt4 --enable-qt5 --disable-class-driver --enable-doc-build --disable-policykit --disable-libusb01_build --disable-udev_sysfs_rules --enable-hpcups-install --disable-hpijs-install --disable-foomatic-ppd-install --disable-foomatic-drv-install --disable-cups-ppd-install --enable-cups-drv-install --enable-apparmor_build'
Please wait, this may take several minutes...
hplip-install[41659]: info: :Command completed successfully.
hplip-install[41659]: info: :
hplip-install[41659]: info: :Running 'make clean'
Please wait, this may take several minutes...
hplip-install[41659]: info: :Command completed successfully.
hplip-install[41659]: info: :
hplip-install[41659]: info: :Running 'make'
Please wait, this may take several minutes...
hplip-install[41659]: info: :Command completed successfully.
hplip-install[41659]: info: :
hplip-install[41659]: info: :Running 'sudo make install'
Please wait, this may take several minutes...
hplip-install[41659]: info: :Command completed successfully.
hplip-install[41659]: info: :
hplip-install[41659]: info: :
Build complete.
hplip-install[41659]: info: :
hplip-install[41659]: info: :
hplip-install[41659]: info: :
hplip-install[41659]: info: :[01mPOST-BUILD COMMANDS[0m
hplip-install[41659]: info: :[01m-------------------[0m
hplip-install[41659]: info: :
hplip-install[41659]: info: :
hplip-install[41659]: info: :[01mCLOSE HP_SYSTRAY[0m
hplip-install[41659]: info: :[01m----------------[0m
hplip-install[41659]: info: :Sending close message to hp-systray (if it is currently running)...
hplip-install[41659]: info: :OK
hplip-install[41659]: info: :
hplip-install[41659]: info: :
hplip-install[41659]: info: :[01mHPLIP UPDATE NOTIFICATION[0m
hplip-install[41659]: info: :[01m-------------------------[0m
hplip-install[41659]: info: :
hplip-install[41659]: info: :
hplip-install[41659]: info: :[01mHPLIP PLUGIN UPDATE NOTIFICATION[0m
hplip-install[41659]: info: :[01m--------------------------------[0m
hplip-install[41659]: info: :
hplip-install[41659]: info: :
hplip-install[41659]: info: :[01mRESTART OR RE-PLUG IS REQUIRED[0m
hplip-install[41659]: info: :[01m------------------------------[0m
hplip-install[41659]: info: :If you are installing a USB connected printer, and the printer was plugged in when you started this installer, you will need to either restart your PC or unplug and     
hplip-install[41659]: info: :re-plug in your printer (USB cable only). If you choose to restart, run this command after restarting: hp-setup (Note: If you are using a parallel connection, you will  
hplip-install[41659]: info: :have to restart your PC. If you are using network/wireless, you can ignore and continue).                                                                                
hplip-install[41659]: info: :
hplip-install[41659]: info: :
hplip-install[41659]: info: :
hplip-install[41659]: info: :[01mPRINTER SETUP[0m
hplip-install[41659]: info: :[01m-------------[0m
hplip-install[41659]: info: :Please make sure your printer is connected and powered on at this time.
hplip-install[41659]: info: :
hplip-install[41659]: info: :
hplip-install[41659]: info: :[01mRE-STARTING HP_SYSTRAY[0m
hplip-install[41659]: info: :[01m----------------------[0m
